<?xml version="1.0" encoding="UTF-8"?>
<testsuites>
  <testsuite name="fastlane.lanes">
    
    
    
      
      <testcase classname="fastlane.lanes" name="0: default_platform" time="0.001242">
        
      </testcase>
    
      
      <testcase classname="fastlane.lanes" name="1: Switch to android set_full_version lane" time="0.00025">
        
      </testcase>
    
      
      <testcase classname="fastlane.lanes" name="2: flutter_version" time="0.001944">
        
      </testcase>
    
      
      <testcase classname="fastlane.lanes" name="3: android_set_version_name" time="0.015875">
        
      </testcase>
    
      
      <testcase classname="fastlane.lanes" name="4: android_set_version_code" time="0.001354">
        
      </testcase>
    
      
      <testcase classname="fastlane.lanes" name="5: clean bundle" time="38.953899">
        
          <failure message="/Users/apple/.rbenv/versions/3.3.4/lib/ruby/gems/3.3.0/gems/fastlane-2.212.2/fastlane/lib/fastlane/actions/actions_helper.rb:67:in `execute_action&apos;&#10;/Users/apple/.rbenv/versions/3.3.4/lib/ruby/gems/3.3.0/gems/fastlane-2.212.2/fastlane/lib/fastlane/runner.rb:255:in `block in execute_action&apos;&#10;/Users/apple/.rbenv/versions/3.3.4/lib/ruby/gems/3.3.0/gems/fastlane-2.212.2/fastlane/lib/fastlane/runner.rb:229:in `chdir&apos;&#10;/Users/apple/.rbenv/versions/3.3.4/lib/ruby/gems/3.3.0/gems/fastlane-2.212.2/fastlane/lib/fastlane/runner.rb:229:in `execute_action&apos;&#10;/Users/apple/.rbenv/versions/3.3.4/lib/ruby/gems/3.3.0/gems/fastlane-2.212.2/fastlane/lib/fastlane/runner.rb:157:in `trigger_action_by_name&apos;&#10;/Users/apple/.rbenv/versions/3.3.4/lib/ruby/gems/3.3.0/gems/fastlane-2.212.2/fastlane/lib/fastlane/fast_file.rb:159:in `method_missing&apos;&#10;Fastfile:29:in `block (2 levels) in parsing_binding&apos;&#10;/Users/apple/.rbenv/versions/3.3.4/lib/ruby/gems/3.3.0/gems/fastlane-2.212.2/fastlane/lib/fastlane/lane.rb:33:in `call&apos;&#10;/Users/apple/.rbenv/versions/3.3.4/lib/ruby/gems/3.3.0/gems/fastlane-2.212.2/fastlane/lib/fastlane/runner.rb:49:in `block in execute&apos;&#10;/Users/apple/.rbenv/versions/3.3.4/lib/ruby/gems/3.3.0/gems/fastlane-2.212.2/fastlane/lib/fastlane/runner.rb:45:in `chdir&apos;&#10;/Users/apple/.rbenv/versions/3.3.4/lib/ruby/gems/3.3.0/gems/fastlane-2.212.2/fastlane/lib/fastlane/runner.rb:45:in `execute&apos;&#10;/Users/apple/.rbenv/versions/3.3.4/lib/ruby/gems/3.3.0/gems/fastlane-2.212.2/fastlane/lib/fastlane/lane_manager.rb:47:in `cruise_lane&apos;&#10;/Users/apple/.rbenv/versions/3.3.4/lib/ruby/gems/3.3.0/gems/fastlane-2.212.2/fastlane/lib/fastlane/command_line_handler.rb:36:in `handle&apos;&#10;/Users/apple/.rbenv/versions/3.3.4/lib/ruby/gems/3.3.0/gems/fastlane-2.212.2/fastlane/lib/fastlane/commands_generator.rb:110:in `block (2 levels) in run&apos;&#10;/Users/apple/.rbenv/versions/3.3.4/lib/ruby/gems/3.3.0/gems/commander-4.6.0/lib/commander/command.rb:187:in `call&apos;&#10;/Users/apple/.rbenv/versions/3.3.4/lib/ruby/gems/3.3.0/gems/commander-4.6.0/lib/commander/command.rb:157:in `run&apos;&#10;/Users/apple/.rbenv/versions/3.3.4/lib/ruby/gems/3.3.0/gems/commander-4.6.0/lib/commander/runner.rb:444:in `run_active_command&apos;&#10;/Users/apple/.rbenv/versions/3.3.4/lib/ruby/gems/3.3.0/gems/fastlane-2.212.2/fastlane_core/lib/fastlane_core/ui/fastlane_runner.rb:124:in `run!&apos;&#10;/Users/apple/.rbenv/versions/3.3.4/lib/ruby/gems/3.3.0/gems/commander-4.6.0/lib/commander/delegates.rb:18:in `run!&apos;&#10;/Users/apple/.rbenv/versions/3.3.4/lib/ruby/gems/3.3.0/gems/fastlane-2.212.2/fastlane/lib/fastlane/commands_generator.rb:354:in `run&apos;&#10;/Users/apple/.rbenv/versions/3.3.4/lib/ruby/gems/3.3.0/gems/fastlane-2.212.2/fastlane/lib/fastlane/commands_generator.rb:43:in `start&apos;&#10;/Users/apple/.rbenv/versions/3.3.4/lib/ruby/gems/3.3.0/gems/fastlane-2.212.2/fastlane/lib/fastlane/cli_tools_distributor.rb:123:in `take_off&apos;&#10;/Users/apple/.rbenv/versions/3.3.4/lib/ruby/gems/3.3.0/gems/fastlane-2.212.2/bin/fastlane:23:in `&lt;top (required)&gt;&apos;&#10;/Users/apple/.rbenv/versions/3.3.4/bin/fastlane:25:in `load&apos;&#10;/Users/apple/.rbenv/versions/3.3.4/bin/fastlane:25:in `&lt;top (required)&gt;&apos;&#10;/Users/apple/.rbenv/versions/3.3.4/lib/ruby/gems/3.3.0/gems/bundler-2.2.16/lib/bundler/cli/exec.rb:63:in `load&apos;&#10;/Users/apple/.rbenv/versions/3.3.4/lib/ruby/gems/3.3.0/gems/bundler-2.2.16/lib/bundler/cli/exec.rb:63:in `kernel_load&apos;&#10;/Users/apple/.rbenv/versions/3.3.4/lib/ruby/gems/3.3.0/gems/bundler-2.2.16/lib/bundler/cli/exec.rb:28:in `run&apos;&#10;/Users/apple/.rbenv/versions/3.3.4/lib/ruby/gems/3.3.0/gems/bundler-2.2.16/lib/bundler/cli.rb:494:in `exec&apos;&#10;/Users/apple/.rbenv/versions/3.3.4/lib/ruby/gems/3.3.0/gems/bundler-2.2.16/lib/bundler/vendor/thor/lib/thor/command.rb:27:in `run&apos;&#10;/Users/apple/.rbenv/versions/3.3.4/lib/ruby/gems/3.3.0/gems/bundler-2.2.16/lib/bundler/vendor/thor/lib/thor/invocation.rb:127:in `invoke_command&apos;&#10;/Users/apple/.rbenv/versions/3.3.4/lib/ruby/gems/3.3.0/gems/bundler-2.2.16/lib/bundler/vendor/thor/lib/thor.rb:392:in `dispatch&apos;&#10;/Users/apple/.rbenv/versions/3.3.4/lib/ruby/gems/3.3.0/gems/bundler-2.2.16/lib/bundler/cli.rb:30:in `dispatch&apos;&#10;/Users/apple/.rbenv/versions/3.3.4/lib/ruby/gems/3.3.0/gems/bundler-2.2.16/lib/bundler/vendor/thor/lib/thor/base.rb:485:in `start&apos;&#10;/Users/apple/.rbenv/versions/3.3.4/lib/ruby/gems/3.3.0/gems/bundler-2.2.16/lib/bundler/cli.rb:24:in `start&apos;&#10;/Users/apple/.rbenv/versions/3.3.4/lib/ruby/gems/3.3.0/gems/bundler-2.2.16/exe/bundle:49:in `block in &lt;top (required)&gt;&apos;&#10;/Users/apple/.rbenv/versions/3.3.4/lib/ruby/gems/3.3.0/gems/bundler-2.2.16/lib/bundler/friendly_errors.rb:130:in `with_friendly_errors&apos;&#10;/Users/apple/.rbenv/versions/3.3.4/lib/ruby/gems/3.3.0/gems/bundler-2.2.16/exe/bundle:37:in `&lt;top (required)&gt;&apos;&#10;/Users/apple/.rbenv/versions/3.3.4/bin/bundle:25:in `load&apos;&#10;/Users/apple/.rbenv/versions/3.3.4/bin/bundle:25:in `&lt;main&gt;&apos;&#10;&#10;Exit status of command &apos;/Users/apple/Documents/Flutter\ Job\ proojects/ci_cd_article/android/gradlew clean bundle -p .&apos; was 1 instead of 0.&#10;Downloading https://services.gradle.org/distributions/gradle-7.4.2-all.zip&#10;.............................................................................................................................................................................................................................................................................................................................................................................................................................................................................................................................................................................................................................................................................................................................................................................................................................................................................................................................................................................................................................................................................................................................................................................................................................................................................................................................................................................................................................................................................................................................................................................................................................................................................................................................................................................................................................................................................................................................................................................................................................................................................................................................................................................................................................................................................................................................................................................................................................................................................................................................................................................................................................................................................................................................................................................................................................................................................................................................................................................................................................................................................................................................................................................................................................................................................................................................................................................................................................................................................................................................................................................................................................................................................................................................................................................................................................................................................................................................................................................................................................................................................................................................................................................................................................................................................................................................................................................................................................................................................................................................................................................................................................................................................................................................................................................................................................................................................................................................................................................................................................................................................................................................................................................................................................................................................................................................................................................................................................................................................................................................................................................................................................................................................................................................................................................................................................................................................................................................................................................................................................................................................................................................................................................................................................................................................................................................................................................................................................................................................................................................................................................................................................................................................................................................................................................................................................................................................................................................................................................................................................................................................................................................................................................................................................................................................................................................................................................................................................................................................................................................................................................................................................................................................................................................................................................................................................................................................................................................................................................................................................................................................................................................................................................................................................................................................................&#10;Unzipping /Users/apple/.gradle/wrapper/dists/gradle-7.4.2-all/9uukhhbclvbegdvsww0j0cr3p/gradle-7.4.2-all.zip to /Users/apple/.gradle/wrapper/dists/gradle-7.4.2-all/9uukhhbclvbegdvsww0j0cr3p&#10;Set executable permissions for: /Users/apple/.gradle/wrapper/dists/gradle-7.4.2-all/9uukhhbclvbegdvsww0j0cr3p/gradle-7.4.2/bin/gradle&#10;&#10;Welcome to Gradle 7.4.2!&#10;&#10;Here are the highlights of this release:&#10; - Aggregated test and JaCoCo reports&#10; - Marking additional test source directories as tests in IntelliJ&#10; - Support for Adoptium JDKs in Java toolchains&#10;&#10;For more details see https://docs.gradle.org/7.4.2/release-notes.html&#10;&#10;Starting a Gradle Daemon (subsequent builds will be faster)&#10;&#10;FAILURE: Build failed with an exception.&#10;&#10;* What went wrong:&#10;Could not open settings generic class cache for settings file &apos;/Users/apple/Documents/Flutter Job proojects/ci_cd_article/android/settings.gradle&apos; (/Users/apple/.gradle/caches/7.4.2/scripts/3nrzewny84twr54qtovp4t27u).&#10;&gt; BUG! exception in phase &apos;semantic analysis&apos; in source unit &apos;_BuildScript_&apos; Unsupported class file major version 66&#10;&#10;* Try:&#10;&gt; Run with --stacktrace option to get the stack trace.&#10;&gt; Run with --info or --debug option to get more log output.&#10;&gt; Run with --scan to get full insights.&#10;&#10;* Get more help at https://help.gradle.org&#10;&#10;BUILD FAILED in 37s&#10;" />
        
      </testcase>
    
  </testsuite>
</testsuites>
